<?xml version="1.0" encoding="UTF-8"?>
<!-- Generated by org.testng.reporters.JUnitReportReporter -->
<testsuite hostname="DESKTOP-B03J6F2" failures="0" tests="1" name="testScripts.LoginTest" time="14.987" errors="0" timestamp="2025-08-26T00:45:37 IST" skipped="0">
  <testcase classname="testScripts.LoginTest" name="tc001" time="14.987"/>
</testsuite> <!-- testScripts.LoginTest -->
