<?xml version="1.0" encoding="UTF-8"?>
<!-- Generated by org.testng.reporters.JUnitReportReporter -->
<testsuite hostname="DESKTOP-B03J6F2" failures="0" tests="1" name="testScripts.LoginTest" time="12.277" errors="0" timestamp="2025-08-22T00:04:34 IST" skipped="0">
  <testcase classname="testScripts.LoginTest" name="tc001" time="12.277"/>
</testsuite> <!-- testScripts.LoginTest -->
