<?xml version="1.0" encoding="UTF-8"?>
<!-- Generated by org.testng.reporters.JUnitReportReporter -->
<testsuite hostname="DESKTOP-B03J6F2" failures="0" tests="1" name="testScripts.LoginTest" time="20.600" errors="0" timestamp="2025-09-02T16:10:47 IST" skipped="0">
  <testcase classname="testScripts.LoginTest" name="tc001" time="20.600"/>
</testsuite> <!-- testScripts.LoginTest -->
